Microsoft (R) Macro Assembler Version 14.44.35211.0	    07/22/25 11:57:16
1Add and Subtract, Version 2         (AddSub2.asm	     Page 1 - 1


				TITLE Add and Subtract, Version 2         (AddSub2.asm)

				; This program adds and subtracts 32-bit integers
				; and stores the sum in a variable.

				INCLUDE C:\irvine\Irvine32.inc
			      C ; Include file for Irvine32.lib             (Irvine32.inc)
			      C 
			      C ;OPTION CASEMAP:NONE		; optional: make identifiers case-sensitive
			      C 
			      C INCLUDE SmallWin.inc		; MS-Windows prototypes, structures, and constants
			      C .NOLIST
			      C .LIST
			      C 
			      C INCLUDE VirtualKeys.inc
			      C ; VirtualKeys.inc
			      C .NOLIST
			      C .LIST
			      C 
			      C 
			      C .NOLIST
			      C .LIST
			      C 
				Include c:\irvine\Macros.inc
			      C .NOLIST
			      C .LIST
			      C 
				ShellExecuteA PROTO STDCALL :DWORD,:DWORD,:DWORD,:DWORD,:DWORD,:DWORD
				 

				;--------Macros propias-------------

				; 201 205 205 205 206 205 187
				; 186                     186
				; 186                     186
				; 186                     186
				; 200 205 205 205 206 205 188

				mPrintChar MACRO car:REQ, num:REQ
					push eax
					push ecx

					mov ecx, num
					.Repeat
						mov al, car
						call WriteChar
						dec ecx
					.Until ecx < 1
					pop ecx
					pop eax
				ENDM

				mSetTextColor MACRO fondo, frente
					PUSHAD
					mov eax, fondo
					mov ebx, 16
					mul ebx
					add eax, frente
					call SetTextColor
					POPAD
				ENDM

				mPrintVertical MACRO X:REQ, Y:REQ, car:REQ, num:REQ
					push ecx
					mov ecx, Y
					.Repeat
						mGotoXY X, cl
						mPrintChar car, 1
						inc ecx
					.Until ecx == (Y + num)
					pop ecx
				ENDM

				mDrawSquareChar MACRO car, X1, Y1, X2, Y2
					mGotoXY X1, Y1
					mPrintChar car, (X2-X1)

					mGotoXY X1, Y2
					mPrintChar car, (X2-X1+1)

					mPrintVertical X1, Y1, car, Y2-Y1
					mPrintVertical X2, Y1, car, Y2-Y1
				ENDM

				mDrawSquare MACRO X1, Y1, X2, Y2
					mGotoXY X1, Y1
					mPrintChar 201, 1
					mPrintChar 205, (X2-X1-1)
					mPrintChar 187, 1

					mPrintVertical X1, Y1+1, 186, Y2-Y1
					mPrintVertical X2, Y1+1, 186, Y2-Y1

					mGotoXY X1, Y2
					mPrintChar 200, 1
					mPrintChar 205, (X2-X1-1)
					mPrintChar 188, 1

				ENDM

 00000000			.data
				;Se pusieron varios tipos de aplicaciones (bloc de notas, calculadora, Microsoft Teams, un juego de Steam y el navegador brave)
 00000000 00000000		opcion dword ?
 00000004 6F 70 65 6E 00	operacion db "open",0
 00000009 6E 6F 74 65 70	programa01 db "notepad",0
	   61 64 00
 00000011 63 61 6C 63 00	programa02 db "calc",0
 00000016 6D 73 2D 74 65	programa03 db "ms-teams",0
	   61 6D 73 00
 0000001F 73 74 65 61 6D	programa04 db "steam://rungameid/250900",0
	   3A 2F 2F 72 75
	   6E 67 61 6D 65
	   69 64 2F 32 35
	   30 39 30 30 00
 00000038 62 72 61 76 65	programa05 db "brave.exe",0
	   2E 65 78 65 00



 00000000			.code
 00000000			main PROC
						
						mSetTextColor red, white
 00000000  60		     1		PUSHAD
 00000001  B8 00000004	     1		mov eax, red
 00000006  BB 00000010	     1		mov ebx, 16
 0000000B  F7 E3	     1		mul ebx
 0000000D  83 C0 0F	     1		add eax, white
 00000010  E8 00000000 E     1		call SetTextColor
 00000015  61		     1		POPAD
 00000016  E8 00000000 E			call ClrScr

						mDrawSquare 10,4,70,9
 0000001B  52		     2		push edx
 0000001C  B6 04	     2		mov  dh,4
 0000001E  B2 0A	     2		mov  dl,10
 00000020  E8 00000000 E     2		call Gotoxy
 00000025  5A		     2		pop  edx
 00000026  50		     2		push eax
 00000027  51		     2		push ecx
 00000028  B9 00000001	     2		mov ecx, 1
 0000002D		   *@C0001:
 0000002D  B0 C9	     2			mov al, 201
 0000002F  E8 00000000 E     2			call WriteChar
 00000034  49		     2			dec ecx
 00000035  83 F9 01	   *	    cmp    ecx, 1
 00000038  73 F3	   *	    jae    @C0001
 0000003A  59		     2		pop ecx
 0000003B  58		     2		pop eax
 0000003C  50		     2		push eax
 0000003D  51		     2		push ecx
 0000003E  B9 0000003B	     2		mov ecx, (70-10-1)
 00000043		   *@C0003:
 00000043  B0 CD	     2			mov al, 205
 00000045  E8 00000000 E     2			call WriteChar
 0000004A  49		     2			dec ecx
 0000004B  83 F9 01	   *	    cmp    ecx, 1
 0000004E  73 F3	   *	    jae    @C0003
 00000050  59		     2		pop ecx
 00000051  58		     2		pop eax
 00000052  50		     2		push eax
 00000053  51		     2		push ecx
 00000054  B9 00000001	     2		mov ecx, 1
 00000059		   *@C0005:
 00000059  B0 BB	     2			mov al, 187
 0000005B  E8 00000000 E     2			call WriteChar
 00000060  49		     2			dec ecx
 00000061  83 F9 01	   *	    cmp    ecx, 1
 00000064  73 F3	   *	    jae    @C0005
 00000066  59		     2		pop ecx
 00000067  58		     2		pop eax
 00000068  51		     2		push ecx
 00000069  B9 00000005	     2		mov ecx, 4+1
 0000006E		   *@C0007:
 0000006E  52		     3		push edx
 0000006F  8A F1	     3		mov  dh,cl
 00000071  B2 0A	     3		mov  dl,10
 00000073  E8 00000000 E     3		call Gotoxy
 00000078  5A		     3		pop  edx
 00000079  50		     3		push eax
 0000007A  51		     3		push ecx
 0000007B  B9 00000001	     3		mov ecx, 1
 00000080		   *@C0008:
 00000080  B0 BA	     3			mov al, 186
 00000082  E8 00000000 E     3			call WriteChar
 00000087  49		     3			dec ecx
 00000088  83 F9 01	   *	    cmp    ecx, 1
 0000008B  73 F3	   *	    jae    @C0008
 0000008D  59		     3		pop ecx
 0000008E  58		     3		pop eax
 0000008F  41		     2			inc ecx
 00000090  83 F9 0A	   *	    cmp    ecx, 004h + 001h + 009h - 004h
 00000093  75 D9	   *	    jne    @C0007
 00000095  59		     2		pop ecx
 00000096  51		     2		push ecx
 00000097  B9 00000005	     2		mov ecx, 4+1
 0000009C		   *@C000B:
 0000009C  52		     3		push edx
 0000009D  8A F1	     3		mov  dh,cl
 0000009F  B2 46	     3		mov  dl,70
 000000A1  E8 00000000 E     3		call Gotoxy
 000000A6  5A		     3		pop  edx
 000000A7  50		     3		push eax
 000000A8  51		     3		push ecx
 000000A9  B9 00000001	     3		mov ecx, 1
 000000AE		   *@C000C:
 000000AE  B0 BA	     3			mov al, 186
 000000B0  E8 00000000 E     3			call WriteChar
 000000B5  49		     3			dec ecx
 000000B6  83 F9 01	   *	    cmp    ecx, 1
 000000B9  73 F3	   *	    jae    @C000C
 000000BB  59		     3		pop ecx
 000000BC  58		     3		pop eax
 000000BD  41		     2			inc ecx
 000000BE  83 F9 0A	   *	    cmp    ecx, 004h + 001h + 009h - 004h
 000000C1  75 D9	   *	    jne    @C000B
 000000C3  59		     2		pop ecx
 000000C4  52		     2		push edx
 000000C5  B6 09	     2		mov  dh,9
 000000C7  B2 0A	     2		mov  dl,10
 000000C9  E8 00000000 E     2		call Gotoxy
 000000CE  5A		     2		pop  edx
 000000CF  50		     2		push eax
 000000D0  51		     2		push ecx
 000000D1  B9 00000001	     2		mov ecx, 1
 000000D6		   *@C000F:
 000000D6  B0 C8	     2			mov al, 200
 000000D8  E8 00000000 E     2			call WriteChar
 000000DD  49		     2			dec ecx
 000000DE  83 F9 01	   *	    cmp    ecx, 1
 000000E1  73 F3	   *	    jae    @C000F
 000000E3  59		     2		pop ecx
 000000E4  58		     2		pop eax
 000000E5  50		     2		push eax
 000000E6  51		     2		push ecx
 000000E7  B9 0000003B	     2		mov ecx, (70-10-1)
 000000EC		   *@C0011:
 000000EC  B0 CD	     2			mov al, 205
 000000EE  E8 00000000 E     2			call WriteChar
 000000F3  49		     2			dec ecx
 000000F4  83 F9 01	   *	    cmp    ecx, 1
 000000F7  73 F3	   *	    jae    @C0011
 000000F9  59		     2		pop ecx
 000000FA  58		     2		pop eax
 000000FB  50		     2		push eax
 000000FC  51		     2		push ecx
 000000FD  B9 00000001	     2		mov ecx, 1
 00000102		   *@C0013:
 00000102  B0 BC	     2			mov al, 188
 00000104  E8 00000000 E     2			call WriteChar
 00000109  49		     2			dec ecx
 0000010A  83 F9 01	   *	    cmp    ecx, 1
 0000010D  73 F3	   *	    jae    @C0013
 0000010F  59		     2		pop ecx
 00000110  58		     2		pop eax
						mDrawSquare 20,12,60,27
 00000111  52		     2		push edx
 00000112  B6 0C	     2		mov  dh,12
 00000114  B2 14	     2		mov  dl,20
 00000116  E8 00000000 E     2		call Gotoxy
 0000011B  5A		     2		pop  edx
 0000011C  50		     2		push eax
 0000011D  51		     2		push ecx
 0000011E  B9 00000001	     2		mov ecx, 1
 00000123		   *@C0015:
 00000123  B0 C9	     2			mov al, 201
 00000125  E8 00000000 E     2			call WriteChar
 0000012A  49		     2			dec ecx
 0000012B  83 F9 01	   *	    cmp    ecx, 1
 0000012E  73 F3	   *	    jae    @C0015
 00000130  59		     2		pop ecx
 00000131  58		     2		pop eax
 00000132  50		     2		push eax
 00000133  51		     2		push ecx
 00000134  B9 00000027	     2		mov ecx, (60-20-1)
 00000139		   *@C0017:
 00000139  B0 CD	     2			mov al, 205
 0000013B  E8 00000000 E     2			call WriteChar
 00000140  49		     2			dec ecx
 00000141  83 F9 01	   *	    cmp    ecx, 1
 00000144  73 F3	   *	    jae    @C0017
 00000146  59		     2		pop ecx
 00000147  58		     2		pop eax
 00000148  50		     2		push eax
 00000149  51		     2		push ecx
 0000014A  B9 00000001	     2		mov ecx, 1
 0000014F		   *@C0019:
 0000014F  B0 BB	     2			mov al, 187
 00000151  E8 00000000 E     2			call WriteChar
 00000156  49		     2			dec ecx
 00000157  83 F9 01	   *	    cmp    ecx, 1
 0000015A  73 F3	   *	    jae    @C0019
 0000015C  59		     2		pop ecx
 0000015D  58		     2		pop eax
 0000015E  51		     2		push ecx
 0000015F  B9 0000000D	     2		mov ecx, 12+1
 00000164		   *@C001B:
 00000164  52		     3		push edx
 00000165  8A F1	     3		mov  dh,cl
 00000167  B2 14	     3		mov  dl,20
 00000169  E8 00000000 E     3		call Gotoxy
 0000016E  5A		     3		pop  edx
 0000016F  50		     3		push eax
 00000170  51		     3		push ecx
 00000171  B9 00000001	     3		mov ecx, 1
 00000176		   *@C001C:
 00000176  B0 BA	     3			mov al, 186
 00000178  E8 00000000 E     3			call WriteChar
 0000017D  49		     3			dec ecx
 0000017E  83 F9 01	   *	    cmp    ecx, 1
 00000181  73 F3	   *	    jae    @C001C
 00000183  59		     3		pop ecx
 00000184  58		     3		pop eax
 00000185  41		     2			inc ecx
 00000186  83 F9 1C	   *	    cmp    ecx, 00Ch + 001h + 01Bh - 00Ch
 00000189  75 D9	   *	    jne    @C001B
 0000018B  59		     2		pop ecx
 0000018C  51		     2		push ecx
 0000018D  B9 0000000D	     2		mov ecx, 12+1
 00000192		   *@C001F:
 00000192  52		     3		push edx
 00000193  8A F1	     3		mov  dh,cl
 00000195  B2 3C	     3		mov  dl,60
 00000197  E8 00000000 E     3		call Gotoxy
 0000019C  5A		     3		pop  edx
 0000019D  50		     3		push eax
 0000019E  51		     3		push ecx
 0000019F  B9 00000001	     3		mov ecx, 1
 000001A4		   *@C0020:
 000001A4  B0 BA	     3			mov al, 186
 000001A6  E8 00000000 E     3			call WriteChar
 000001AB  49		     3			dec ecx
 000001AC  83 F9 01	   *	    cmp    ecx, 1
 000001AF  73 F3	   *	    jae    @C0020
 000001B1  59		     3		pop ecx
 000001B2  58		     3		pop eax
 000001B3  41		     2			inc ecx
 000001B4  83 F9 1C	   *	    cmp    ecx, 00Ch + 001h + 01Bh - 00Ch
 000001B7  75 D9	   *	    jne    @C001F
 000001B9  59		     2		pop ecx
 000001BA  52		     2		push edx
 000001BB  B6 1B	     2		mov  dh,27
 000001BD  B2 14	     2		mov  dl,20
 000001BF  E8 00000000 E     2		call Gotoxy
 000001C4  5A		     2		pop  edx
 000001C5  50		     2		push eax
 000001C6  51		     2		push ecx
 000001C7  B9 00000001	     2		mov ecx, 1
 000001CC		   *@C0023:
 000001CC  B0 C8	     2			mov al, 200
 000001CE  E8 00000000 E     2			call WriteChar
 000001D3  49		     2			dec ecx
 000001D4  83 F9 01	   *	    cmp    ecx, 1
 000001D7  73 F3	   *	    jae    @C0023
 000001D9  59		     2		pop ecx
 000001DA  58		     2		pop eax
 000001DB  50		     2		push eax
 000001DC  51		     2		push ecx
 000001DD  B9 00000027	     2		mov ecx, (60-20-1)
 000001E2		   *@C0025:
 000001E2  B0 CD	     2			mov al, 205
 000001E4  E8 00000000 E     2			call WriteChar
 000001E9  49		     2			dec ecx
 000001EA  83 F9 01	   *	    cmp    ecx, 1
 000001ED  73 F3	   *	    jae    @C0025
 000001EF  59		     2		pop ecx
 000001F0  58		     2		pop eax
 000001F1  50		     2		push eax
 000001F2  51		     2		push ecx
 000001F3  B9 00000001	     2		mov ecx, 1
 000001F8		   *@C0027:
 000001F8  B0 BC	     2			mov al, 188
 000001FA  E8 00000000 E     2			call WriteChar
 000001FF  49		     2			dec ecx
 00000200  83 F9 01	   *	    cmp    ecx, 1
 00000203  73 F3	   *	    jae    @C0027
 00000205  59		     2		pop ecx
 00000206  58		     2		pop eax

						mGotoXY 18,6
 00000207  52		     1		push edx
 00000208  B6 06	     1		mov  dh,6
 0000020A  B2 12	     1		mov  dl,18
 0000020C  E8 00000000 E     1		call Gotoxy
 00000211  5A		     1		pop  edx
						mWriteln "Actividad Examen Práctico en Ensamblador"
 00000042		     2		.data		
 00000042 41 63 74 69 76     2		??0000 BYTE "Actividad Examen Práctico en Ensamblador",0	
	   69 64 61 64 20
	   45 78 61 6D 65
	   6E 20 50 72 E1
	   63 74 69 63 6F
	   20 65 6E 20 45
	   6E 73 61 6D 62
	   6C 61 64 6F 72
	   00
 00000212		     2		.code
 00000212  52		     2		push	edx
 00000213  BA 00000042 R     2		mov	edx,OFFSET ??0000
 00000218  E8 00000000 E     2		call	WriteString
 0000021D  5A		     2		pop	edx
 0000021E  E8 00000000 E     1		call	Crlf

						mGotoXY 25,14
 00000223  52		     1		push edx
 00000224  B6 0E	     1		mov  dh,14
 00000226  B2 19	     1		mov  dl,25
 00000228  E8 00000000 E     1		call Gotoxy
 0000022D  5A		     1		pop  edx
						mWriteln "1. NotePad "
 0000006B		     2		.data		
 0000006B 31 2E 20 4E 6F     2		??0001 BYTE "1. NotePad ",0	
	   74 65 50 61 64
	   20 00
 0000022E		     2		.code
 0000022E  52		     2		push	edx
 0000022F  BA 0000006B R     2		mov	edx,OFFSET ??0001
 00000234  E8 00000000 E     2		call	WriteString
 00000239  5A		     2		pop	edx
 0000023A  E8 00000000 E     1		call	Crlf

						mGotoXY 25,15
 0000023F  52		     1		push edx
 00000240  B6 0F	     1		mov  dh,15
 00000242  B2 19	     1		mov  dl,25
 00000244  E8 00000000 E     1		call Gotoxy
 00000249  5A		     1		pop  edx
						mWriteln "2. Calculadora "
 00000077		     2		.data		
 00000077 32 2E 20 43 61     2		??0002 BYTE "2. Calculadora ",0	
	   6C 63 75 6C 61
	   64 6F 72 61 20
	   00
 0000024A		     2		.code
 0000024A  52		     2		push	edx
 0000024B  BA 00000077 R     2		mov	edx,OFFSET ??0002
 00000250  E8 00000000 E     2		call	WriteString
 00000255  5A		     2		pop	edx
 00000256  E8 00000000 E     1		call	Crlf

						mGotoXY 25,16
 0000025B  52		     1		push edx
 0000025C  B6 10	     1		mov  dh,16
 0000025E  B2 19	     1		mov  dl,25
 00000260  E8 00000000 E     1		call Gotoxy
 00000265  5A		     1		pop  edx
						mWriteln "3. Teams "
 00000087		     2		.data		
 00000087 33 2E 20 54 65     2		??0003 BYTE "3. Teams ",0	
	   61 6D 73 20 00
 00000266		     2		.code
 00000266  52		     2		push	edx
 00000267  BA 00000087 R     2		mov	edx,OFFSET ??0003
 0000026C  E8 00000000 E     2		call	WriteString
 00000271  5A		     2		pop	edx
 00000272  E8 00000000 E     1		call	Crlf

						mGotoXY 25,17
 00000277  52		     1		push edx
 00000278  B6 11	     1		mov  dh,17
 0000027A  B2 19	     1		mov  dl,25
 0000027C  E8 00000000 E     1		call Gotoxy
 00000281  5A		     1		pop  edx
						mWriteln "4. The Binding of Isaac Rebirth "
 00000091		     2		.data		
 00000091 34 2E 20 54 68     2		??0004 BYTE "4. The Binding of Isaac Rebirth ",0	
	   65 20 42 69 6E
	   64 69 6E 67 20
	   6F 66 20 49 73
	   61 61 63 20 52
	   65 62 69 72 74
	   68 20 00
 00000282		     2		.code
 00000282  52		     2		push	edx
 00000283  BA 00000091 R     2		mov	edx,OFFSET ??0004
 00000288  E8 00000000 E     2		call	WriteString
 0000028D  5A		     2		pop	edx
 0000028E  E8 00000000 E     1		call	Crlf

						mGotoXY 25,18
 00000293  52		     1		push edx
 00000294  B6 12	     1		mov  dh,18
 00000296  B2 19	     1		mov  dl,25
 00000298  E8 00000000 E     1		call Gotoxy
 0000029D  5A		     1		pop  edx
						mWriteln "5. Brave "
 000000B2		     2		.data		
 000000B2 35 2E 20 42 72     2		??0005 BYTE "5. Brave ",0	
	   61 76 65 20 00
 0000029E		     2		.code
 0000029E  52		     2		push	edx
 0000029F  BA 000000B2 R     2		mov	edx,OFFSET ??0005
 000002A4  E8 00000000 E     2		call	WriteString
 000002A9  5A		     2		pop	edx
 000002AA  E8 00000000 E     1		call	Crlf

						mGotoXY 25,19
 000002AF  52		     1		push edx
 000002B0  B6 13	     1		mov  dh,19
 000002B2  B2 19	     1		mov  dl,25
 000002B4  E8 00000000 E     1		call Gotoxy
 000002B9  5A		     1		pop  edx
						mWriteln "6. Exit "
 000000BC		     2		.data		
 000000BC 36 2E 20 45 78     2		??0006 BYTE "6. Exit ",0	
	   69 74 20 00
 000002BA		     2		.code
 000002BA  52		     2		push	edx
 000002BB  BA 000000BC R     2		mov	edx,OFFSET ??0006
 000002C0  E8 00000000 E     2		call	WriteString
 000002C5  5A		     2		pop	edx
 000002C6  E8 00000000 E     1		call	Crlf

 000002CB			menu:
						mGotoXY 25,21
 000002CB  52		     1		push edx
 000002CC  B6 15	     1		mov  dh,21
 000002CE  B2 19	     1		mov  dl,25
 000002D0  E8 00000000 E     1		call Gotoxy
 000002D5  5A		     1		pop  edx
						mWriteln "Selecciona la opcion deseada. [ ] "
 000000C5		     2		.data		
 000000C5 53 65 6C 65 63     2		??0007 BYTE "Selecciona la opcion deseada. [ ] ",0	
	   63 69 6F 6E 61
	   20 6C 61 20 6F
	   70 63 69 6F 6E
	   20 64 65 73 65
	   61 64 61 2E 20
	   5B 20 5D 20 00
 000002D6		     2		.code
 000002D6  52		     2		push	edx
 000002D7  BA 000000C5 R     2		mov	edx,OFFSET ??0007
 000002DC  E8 00000000 E     2		call	WriteString
 000002E1  5A		     2		pop	edx
 000002E2  E8 00000000 E     1		call	Crlf
						mGotoXY 25 + 31, 21 
 000002E7  52		     1		push edx
 000002E8  B6 15	     1		mov  dh,21
 000002EA  B2 38	     1		mov  dl,25 + 31
 000002EC  E8 00000000 E     1		call Gotoxy
 000002F1  5A		     1		pop  edx
 000002F2  E8 00000000 E			call ReadInt
 000002F7  A3 00000000 R			mov opcion, eax


						.if opcion == 1
 000002FC  83 3D 00000000 R
	   01		   *	    cmp    opcion, 001h
 00000303  75 1C	   *	    jne    @C0029
						Invoke ShellExecuteA,0,ADDR operacion, ADDR programa01,NULL,NULL, 2
 00000305  6A 02	   *	    push   +000000002h
 00000307  6A 00	   *	    push   +000000000h
 00000309  6A 00	   *	    push   +000000000h
 0000030B  68 00000009 R   *	    push   OFFSET programa01
 00000310  68 00000004 R   *	    push   OFFSET operacion
 00000315  6A 00	   *	    push   +000000000h
 00000317  E8 00000000 E   *	    call   ShellExecuteA
						.elseif opcion == 2
 0000031C  E9 00000098	   *	    jmp    @C002B
 00000321		   *@C0029:
 00000321  83 3D 00000000 R
	   02		   *	    cmp    opcion, 002h
 00000328  75 19	   *	    jne    @C002C
						Invoke ShellExecuteA,0,ADDR operacion, ADDR programa02,NULL,NULL, 1
 0000032A  6A 01	   *	    push   +000000001h
 0000032C  6A 00	   *	    push   +000000000h
 0000032E  6A 00	   *	    push   +000000000h
 00000330  68 00000011 R   *	    push   OFFSET programa02
 00000335  68 00000004 R   *	    push   OFFSET operacion
 0000033A  6A 00	   *	    push   +000000000h
 0000033C  E8 00000000 E   *	    call   ShellExecuteA
						.elseif opcion == 3
 00000341  EB 76	   *	    jmp    @C002E
 00000343		   *@C002C:
 00000343  83 3D 00000000 R
	   03		   *	    cmp    opcion, 003h
 0000034A  75 19	   *	    jne    @C002F
						Invoke ShellExecuteA,0,ADDR operacion, ADDR programa03,NULL,NULL, 1
 0000034C  6A 01	   *	    push   +000000001h
 0000034E  6A 00	   *	    push   +000000000h
 00000350  6A 00	   *	    push   +000000000h
 00000352  68 00000016 R   *	    push   OFFSET programa03
 00000357  68 00000004 R   *	    push   OFFSET operacion
 0000035C  6A 00	   *	    push   +000000000h
 0000035E  E8 00000000 E   *	    call   ShellExecuteA
						.elseif opcion == 4
 00000363  EB 54	   *	    jmp    @C0031
 00000365		   *@C002F:
 00000365  83 3D 00000000 R
	   04		   *	    cmp    opcion, 004h
 0000036C  75 19	   *	    jne    @C0032
						Invoke ShellExecuteA,0,ADDR operacion, ADDR programa04,NULL,NULL, 1
 0000036E  6A 01	   *	    push   +000000001h
 00000370  6A 00	   *	    push   +000000000h
 00000372  6A 00	   *	    push   +000000000h
 00000374  68 0000001F R   *	    push   OFFSET programa04
 00000379  68 00000004 R   *	    push   OFFSET operacion
 0000037E  6A 00	   *	    push   +000000000h
 00000380  E8 00000000 E   *	    call   ShellExecuteA
						.elseif opcion == 5
 00000385  EB 32	   *	    jmp    @C0034
 00000387		   *@C0032:
 00000387  83 3D 00000000 R
	   05		   *	    cmp    opcion, 005h
 0000038E  75 19	   *	    jne    @C0035
						Invoke ShellExecuteA,0,ADDR operacion, ADDR programa05,NULL,NULL, 1 
 00000390  6A 01	   *	    push   +000000001h
 00000392  6A 00	   *	    push   +000000000h
 00000394  6A 00	   *	    push   +000000000h
 00000396  68 00000038 R   *	    push   OFFSET programa05
 0000039B  68 00000004 R   *	    push   OFFSET operacion
 000003A0  6A 00	   *	    push   +000000000h
 000003A2  E8 00000000 E   *	    call   ShellExecuteA
						.elseif opcion == 6
 000003A7  EB 10	   *	    jmp    @C0037
 000003A9		   *@C0035:
 000003A9  83 3D 00000000 R
	   06		   *	    cmp    opcion, 006h
 000003B0  75 07	   *	    jne    @C0038
							exit
 000003B2  6A 00	   *	    push   +000000000h
 000003B4  E8 00000000 E   *	    call   ExitProcess
						.endif
 000003B9		   *@C0038:
 000003B9		   *@C0037:
 000003B9		   *@C0034:
 000003B9		   *@C0031:
 000003B9		   *@C002E:
 000003B9		   *@C002B:

 000003B9  E9 FFFFFF0D				jmp menu


					mGotoXY 1,28
 000003BE  52		     1		push edx
 000003BF  B6 1C	     1		mov  dh,28
 000003C1  B2 01	     1		mov  dl,1
 000003C3  E8 00000000 E     1		call Gotoxy
 000003C8  5A		     1		pop  edx
 000003C9  E8 00000000 E		call WaitMsg
					exit
 000003CE  6A 00	   *	    push   +000000000h
 000003D0  E8 00000000 E   *	    call   ExitProcess
 000003D5			main ENDP
				END main
Microsoft (R) Macro Assembler Version 14.44.35211.0	    07/22/25 11:57:16
1Add and Subtract, Version 2         (AddSub2.asm	     Symbols 2 - 1




Macros:

                N a m e                 Type

IsDefined  . . . . . . . . . . .	Func
Startup  . . . . . . . . . . . .	Proc
mDrawSquareChar  . . . . . . . .	Proc
mDrawSquare  . . . . . . . . . .	Proc
mDumpMem . . . . . . . . . . . .	Proc
mDump  . . . . . . . . . . . . .	Proc
mGotoxy  . . . . . . . . . . . .	Proc
mPrintChar . . . . . . . . . . .	Proc
mPrintVertical . . . . . . . . .	Proc
mReadString  . . . . . . . . . .	Proc
mSetTextColor  . . . . . . . . .	Proc
mShowRegister  . . . . . . . . .	Proc
mShow  . . . . . . . . . . . . .	Proc
mWriteLn . . . . . . . . . . . .	Proc
mWriteSpace  . . . . . . . . . .	Proc
mWriteString . . . . . . . . . .	Proc
mWrite . . . . . . . . . . . . .	Proc


Structures and Unions:

                N a m e                  Size
                                         Offset      Type

CONSOLE_CURSOR_INFO  . . . . . .	 00000008
  dwSize . . . . . . . . . . . .	 00000000	 DWord
  bVisible . . . . . . . . . . .	 00000004	 DWord
CONSOLE_SCREEN_BUFFER_INFO . . .	 00000016
  dwSize . . . . . . . . . . . .	 00000000	 DWord
  dwCursorPosition . . . . . . .	 00000004	 DWord
  wAttributes  . . . . . . . . .	 00000008	 Word
  srWindow . . . . . . . . . . .	 0000000A	 QWord
  dwMaximumWindowSize  . . . . .	 00000012	 DWord
COORD  . . . . . . . . . . . . .	 00000004
  X  . . . . . . . . . . . . . .	 00000000	 Word
  Y  . . . . . . . . . . . . . .	 00000002	 Word
FILETIME . . . . . . . . . . . .	 00000008
  loDateTime . . . . . . . . . .	 00000000	 DWord
  hiDateTime . . . . . . . . . .	 00000004	 DWord
FOCUS_EVENT_RECORD . . . . . . .	 00000004
  bSetFocus  . . . . . . . . . .	 00000000	 DWord
FPU_ENVIRON  . . . . . . . . . .	 0000001C
  controlWord  . . . . . . . . .	 00000000	 Word
  statusWord . . . . . . . . . .	 00000004	 Word
  tagWord  . . . . . . . . . . .	 00000008	 Word
  instrPointerOffset . . . . . .	 0000000C	 DWord
  instrPointerSelector . . . . .	 00000010	 DWord
  operandPointerOffset . . . . .	 00000014	 DWord
  operandPointerSelector . . . .	 00000018	 Word
INPUT_RECORD . . . . . . . . . .	 00000014
  EventType  . . . . . . . . . .	 00000000	 Word
  Event  . . . . . . . . . . . .	 00000004	 XmmWord
  bKeyDown . . . . . . . . . . .	 00000000	 DWord
  wRepeatCount . . . . . . . . .	 00000004	 Word
  wVirtualKeyCode  . . . . . . .	 00000006	 Word
  wVirtualScanCode . . . . . . .	 00000008	 Word
  uChar  . . . . . . . . . . . .	 0000000A	 Word
  UnicodeChar  . . . . . . . . .	 00000000	 Word
  AsciiChar  . . . . . . . . . .	 00000000	 Byte
  dwControlKeyState  . . . . . .	 0000000C	 DWord
  dwMousePosition  . . . . . . .	 00000000	 DWord
  dwButtonState  . . . . . . . .	 00000004	 DWord
  dwMouseControlKeyState . . . .	 00000008	 DWord
  dwEventFlags . . . . . . . . .	 0000000C	 DWord
  dwSize . . . . . . . . . . . .	 00000000	 DWord
  dwCommandId  . . . . . . . . .	 00000000	 DWord
  bSetFocus  . . . . . . . . . .	 00000000	 DWord
KEY_EVENT_RECORD . . . . . . . .	 00000010
  bKeyDown . . . . . . . . . . .	 00000000	 DWord
  wRepeatCount . . . . . . . . .	 00000004	 Word
  wVirtualKeyCode  . . . . . . .	 00000006	 Word
  wVirtualScanCode . . . . . . .	 00000008	 Word
  uChar  . . . . . . . . . . . .	 0000000A	 Word
  UnicodeChar  . . . . . . . . .	 00000000	 Word
  AsciiChar  . . . . . . . . . .	 00000000	 Byte
  dwControlKeyState  . . . . . .	 0000000C	 DWord
MENU_EVENT_RECORD  . . . . . . .	 00000004
  dwCommandId  . . . . . . . . .	 00000000	 DWord
MOUSE_EVENT_RECORD . . . . . . .	 00000010
  dwMousePosition  . . . . . . .	 00000000	 DWord
  dwButtonState  . . . . . . . .	 00000004	 DWord
  dwMouseControlKeyState . . . .	 00000008	 DWord
  dwEventFlags . . . . . . . . .	 0000000C	 DWord
SMALL_RECT . . . . . . . . . . .	 00000008
  Left . . . . . . . . . . . . .	 00000000	 Word
  Top  . . . . . . . . . . . . .	 00000002	 Word
  Right  . . . . . . . . . . . .	 00000004	 Word
  Bottom . . . . . . . . . . . .	 00000006	 Word
SYSTEMTIME . . . . . . . . . . .	 00000010
  wYear  . . . . . . . . . . . .	 00000000	 Word
  wMonth . . . . . . . . . . . .	 00000002	 Word
  wDayOfWeek . . . . . . . . . .	 00000004	 Word
  wDay . . . . . . . . . . . . .	 00000006	 Word
  wHour  . . . . . . . . . . . .	 00000008	 Word
  wMinute  . . . . . . . . . . .	 0000000A	 Word
  wSecond  . . . . . . . . . . .	 0000000C	 Word
  wMilliseconds  . . . . . . . .	 0000000E	 Word
WINDOW_BUFFER_SIZE_RECORD  . . .	 00000004
  dwSize . . . . . . . . . . . .	 00000000	 DWord


Segments and Groups:

                N a m e                 Size     Length   Align   Combine Class

FLAT . . . . . . . . . . . . . .	GROUP
STACK  . . . . . . . . . . . . .	32 Bit	 00001000 Para	  Stack	  'STACK'	 
_DATA  . . . . . . . . . . . . .	32 Bit	 000000E8 Para	  Public  'DATA'	
_TEXT  . . . . . . . . . . . . .	32 Bit	 000003D5 Para	  Public  'CODE'	


Procedures, parameters, and locals:

                N a m e                 Type     Value    Attr

CloseFile  . . . . . . . . . . .	P Near	 00000000 FLAT	Length= 00000000 External STDCALL
CloseHandle  . . . . . . . . . .	P Near	 00000000 FLAT	Length= 00000000 External STDCALL
Clrscr . . . . . . . . . . . . .	P Near	 00000000 FLAT	Length= 00000000 External STDCALL
CreateFileA  . . . . . . . . . .	P Near	 00000000 FLAT	Length= 00000000 External STDCALL
CreateOutputFile . . . . . . . .	P Near	 00000000 FLAT	Length= 00000000 External STDCALL
Crlf . . . . . . . . . . . . . .	P Near	 00000000 FLAT	Length= 00000000 External STDCALL
Delay  . . . . . . . . . . . . .	P Near	 00000000 FLAT	Length= 00000000 External STDCALL
DumpMem  . . . . . . . . . . . .	P Near	 00000000 FLAT	Length= 00000000 External STDCALL
DumpRegs . . . . . . . . . . . .	P Near	 00000000 FLAT	Length= 00000000 External STDCALL
ExitProcess  . . . . . . . . . .	P Near	 00000000 FLAT	Length= 00000000 External STDCALL
FileTimeToDosDateTime  . . . . .	P Near	 00000000 FLAT	Length= 00000000 External STDCALL
FileTimeToSystemTime . . . . . .	P Near	 00000000 FLAT	Length= 00000000 External STDCALL
FlushConsoleInputBuffer  . . . .	P Near	 00000000 FLAT	Length= 00000000 External STDCALL
FormatMessageA . . . . . . . . .	P Near	 00000000 FLAT	Length= 00000000 External STDCALL
GetCommandLineA  . . . . . . . .	P Near	 00000000 FLAT	Length= 00000000 External STDCALL
GetCommandTail . . . . . . . . .	P Near	 00000000 FLAT	Length= 00000000 External STDCALL
GetConsoleCP . . . . . . . . . .	P Near	 00000000 FLAT	Length= 00000000 External STDCALL
GetConsoleCursorInfo . . . . . .	P Near	 00000000 FLAT	Length= 00000000 External STDCALL
GetConsoleMode . . . . . . . . .	P Near	 00000000 FLAT	Length= 00000000 External STDCALL
GetConsoleScreenBufferInfo . . .	P Near	 00000000 FLAT	Length= 00000000 External STDCALL
GetDateTime  . . . . . . . . . .	P Near	 00000000 FLAT	Length= 00000000 External STDCALL
GetFileTime  . . . . . . . . . .	P Near	 00000000 FLAT	Length= 00000000 External STDCALL
GetKeyState  . . . . . . . . . .	P Near	 00000000 FLAT	Length= 00000000 External STDCALL
GetLastError . . . . . . . . . .	P Near	 00000000 FLAT	Length= 00000000 External STDCALL
GetLocalTime . . . . . . . . . .	P Near	 00000000 FLAT	Length= 00000000 External STDCALL
GetMaxXY . . . . . . . . . . . .	P Near	 00000000 FLAT	Length= 00000000 External STDCALL
GetMseconds  . . . . . . . . . .	P Near	 00000000 FLAT	Length= 00000000 External STDCALL
GetNumberOfConsoleInputEvents  .	P Near	 00000000 FLAT	Length= 00000000 External STDCALL
GetProcessHeap . . . . . . . . .	P Near	 00000000 FLAT	Length= 00000000 External STDCALL
GetStdHandle . . . . . . . . . .	P Near	 00000000 FLAT	Length= 00000000 External STDCALL
GetSystemTime  . . . . . . . . .	P Near	 00000000 FLAT	Length= 00000000 External STDCALL
GetTextColor . . . . . . . . . .	P Near	 00000000 FLAT	Length= 00000000 External STDCALL
GetTickCount . . . . . . . . . .	P Near	 00000000 FLAT	Length= 00000000 External STDCALL
Gotoxy . . . . . . . . . . . . .	P Near	 00000000 FLAT	Length= 00000000 External STDCALL
HeapAlloc  . . . . . . . . . . .	P Near	 00000000 FLAT	Length= 00000000 External STDCALL
HeapCreate . . . . . . . . . . .	P Near	 00000000 FLAT	Length= 00000000 External STDCALL
HeapDestroy  . . . . . . . . . .	P Near	 00000000 FLAT	Length= 00000000 External STDCALL
HeapFree . . . . . . . . . . . .	P Near	 00000000 FLAT	Length= 00000000 External STDCALL
HeapSize . . . . . . . . . . . .	P Near	 00000000 FLAT	Length= 00000000 External STDCALL
IsDigit  . . . . . . . . . . . .	P Near	 00000000 FLAT	Length= 00000000 External STDCALL
LocalFree  . . . . . . . . . . .	P Near	 00000000 FLAT	Length= 00000000 External STDCALL
MessageBoxA  . . . . . . . . . .	P Near	 00000000 FLAT	Length= 00000000 External STDCALL
MsgBoxAsk  . . . . . . . . . . .	P Near	 00000000 FLAT	Length= 00000000 External STDCALL
MsgBox . . . . . . . . . . . . .	P Near	 00000000 FLAT	Length= 00000000 External STDCALL
OpenInputFile  . . . . . . . . .	P Near	 00000000 FLAT	Length= 00000000 External STDCALL
ParseDecimal32 . . . . . . . . .	P Near	 00000000 FLAT	Length= 00000000 External STDCALL
ParseInteger32 . . . . . . . . .	P Near	 00000000 FLAT	Length= 00000000 External STDCALL
PeekConsoleInputA  . . . . . . .	P Near	 00000000 FLAT	Length= 00000000 External STDCALL
Random32 . . . . . . . . . . . .	P Near	 00000000 FLAT	Length= 00000000 External STDCALL
RandomRange  . . . . . . . . . .	P Near	 00000000 FLAT	Length= 00000000 External STDCALL
Randomize  . . . . . . . . . . .	P Near	 00000000 FLAT	Length= 00000000 External STDCALL
ReadChar . . . . . . . . . . . .	P Near	 00000000 FLAT	Length= 00000000 External STDCALL
ReadConsoleA . . . . . . . . . .	P Near	 00000000 FLAT	Length= 00000000 External STDCALL
ReadConsoleInputA  . . . . . . .	P Near	 00000000 FLAT	Length= 00000000 External STDCALL
ReadDec  . . . . . . . . . . . .	P Near	 00000000 FLAT	Length= 00000000 External STDCALL
ReadFile . . . . . . . . . . . .	P Near	 00000000 FLAT	Length= 00000000 External STDCALL
ReadFloat  . . . . . . . . . . .	P Near	 00000000 FLAT	Length= 00000000 External STDCALL
ReadFromFile . . . . . . . . . .	P Near	 00000000 FLAT	Length= 00000000 External STDCALL
ReadHex  . . . . . . . . . . . .	P Near	 00000000 FLAT	Length= 00000000 External STDCALL
ReadInt  . . . . . . . . . . . .	P Near	 00000000 FLAT	Length= 00000000 External STDCALL
ReadKeyFlush . . . . . . . . . .	P Near	 00000000 FLAT	Length= 00000000 External STDCALL
ReadKey  . . . . . . . . . . . .	P Near	 00000000 FLAT	Length= 00000000 External STDCALL
ReadString . . . . . . . . . . .	P Near	 00000000 FLAT	Length= 00000000 External STDCALL
SetConsoleCursorInfo . . . . . .	P Near	 00000000 FLAT	Length= 00000000 External STDCALL
SetConsoleCursorPosition . . . .	P Near	 00000000 FLAT	Length= 00000000 External STDCALL
SetConsoleMode . . . . . . . . .	P Near	 00000000 FLAT	Length= 00000000 External STDCALL
SetConsoleScreenBufferSize . . .	P Near	 00000000 FLAT	Length= 00000000 External STDCALL
SetConsoleTextAttribute  . . . .	P Near	 00000000 FLAT	Length= 00000000 External STDCALL
SetConsoleTitleA . . . . . . . .	P Near	 00000000 FLAT	Length= 00000000 External STDCALL
SetConsoleWindowInfo . . . . . .	P Near	 00000000 FLAT	Length= 00000000 External STDCALL
SetFilePointer . . . . . . . . .	P Near	 00000000 FLAT	Length= 00000000 External STDCALL
SetLocalTime . . . . . . . . . .	P Near	 00000000 FLAT	Length= 00000000 External STDCALL
SetTextColor . . . . . . . . . .	P Near	 00000000 FLAT	Length= 00000000 External STDCALL
ShellExecuteA  . . . . . . . . .	P Near	 00000000 FLAT	Length= 00000000 External STDCALL
ShowFPUStack . . . . . . . . . .	P Near	 00000000 FLAT	Length= 00000000 External STDCALL
Sleep  . . . . . . . . . . . . .	P Near	 00000000 FLAT	Length= 00000000 External STDCALL
StrLength  . . . . . . . . . . .	P Near	 00000000 FLAT	Length= 00000000 External STDCALL
Str_compare  . . . . . . . . . .	P Near	 00000000 FLAT	Length= 00000000 External STDCALL
Str_copy . . . . . . . . . . . .	P Near	 00000000 FLAT	Length= 00000000 External STDCALL
Str_length . . . . . . . . . . .	P Near	 00000000 FLAT	Length= 00000000 External STDCALL
Str_trim . . . . . . . . . . . .	P Near	 00000000 FLAT	Length= 00000000 External STDCALL
Str_ucase  . . . . . . . . . . .	P Near	 00000000 FLAT	Length= 00000000 External STDCALL
SystemTimeToFileTime . . . . . .	P Near	 00000000 FLAT	Length= 00000000 External STDCALL
WaitMsg  . . . . . . . . . . . .	P Near	 00000000 FLAT	Length= 00000000 External STDCALL
WriteBinB  . . . . . . . . . . .	P Near	 00000000 FLAT	Length= 00000000 External STDCALL
WriteBin . . . . . . . . . . . .	P Near	 00000000 FLAT	Length= 00000000 External STDCALL
WriteChar  . . . . . . . . . . .	P Near	 00000000 FLAT	Length= 00000000 External STDCALL
WriteConsoleA  . . . . . . . . .	P Near	 00000000 FLAT	Length= 00000000 External STDCALL
WriteConsoleOutputAttribute  . .	P Near	 00000000 FLAT	Length= 00000000 External STDCALL
WriteConsoleOutputCharacterA . .	P Near	 00000000 FLAT	Length= 00000000 External STDCALL
WriteDec . . . . . . . . . . . .	P Near	 00000000 FLAT	Length= 00000000 External STDCALL
WriteFile  . . . . . . . . . . .	P Near	 00000000 FLAT	Length= 00000000 External STDCALL
WriteFloat . . . . . . . . . . .	P Near	 00000000 FLAT	Length= 00000000 External STDCALL
WriteHexB  . . . . . . . . . . .	P Near	 00000000 FLAT	Length= 00000000 External STDCALL
WriteHex . . . . . . . . . . . .	P Near	 00000000 FLAT	Length= 00000000 External STDCALL
WriteInt . . . . . . . . . . . .	P Near	 00000000 FLAT	Length= 00000000 External STDCALL
WriteStackFrameName  . . . . . .	P Near	 00000000 FLAT	Length= 00000000 External STDCALL
WriteStackFrame  . . . . . . . .	P Near	 00000000 FLAT	Length= 00000000 External STDCALL
WriteString  . . . . . . . . . .	P Near	 00000000 FLAT	Length= 00000000 External STDCALL
WriteToFile  . . . . . . . . . .	P Near	 00000000 FLAT	Length= 00000000 External STDCALL
WriteWindowsMsg  . . . . . . . .	P Near	 00000000 FLAT	Length= 00000000 External STDCALL
main . . . . . . . . . . . . . .	P Near	 00000000 _TEXT	Length= 000003D5 Public STDCALL
  menu . . . . . . . . . . . . .	L Near	 000002CB _TEXT	
printf . . . . . . . . . . . . .	P Near	 00000000 FLAT	Length= 00000000 External C
scanf  . . . . . . . . . . . . .	P Near	 00000000 FLAT	Length= 00000000 External C
wsprintfA  . . . . . . . . . . .	P Near	 00000000 FLAT	Length= 00000000 External C


Symbols:

                N a m e                 Type     Value    Attr

??0000 . . . . . . . . . . . . .	Byte	 00000042 _DATA	
??0001 . . . . . . . . . . . . .	Byte	 0000006B _DATA	
??0002 . . . . . . . . . . . . .	Byte	 00000077 _DATA	
??0003 . . . . . . . . . . . . .	Byte	 00000087 _DATA	
??0004 . . . . . . . . . . . . .	Byte	 00000091 _DATA	
??0005 . . . . . . . . . . . . .	Byte	 000000B2 _DATA	
??0006 . . . . . . . . . . . . .	Byte	 000000BC _DATA	
??0007 . . . . . . . . . . . . .	Byte	 000000C5 _DATA	
@CodeSize  . . . . . . . . . . .	Number	 00000000h   
@DataSize  . . . . . . . . . . .	Number	 00000000h   
@Interface . . . . . . . . . . .	Number	 00000003h   
@Model . . . . . . . . . . . . .	Number	 00000007h   
@code  . . . . . . . . . . . . .	Text   	 _TEXT
@data  . . . . . . . . . . . . .	Text   	 FLAT
@fardata?  . . . . . . . . . . .	Text   	 FLAT
@fardata . . . . . . . . . . . .	Text   	 FLAT
@stack . . . . . . . . . . . . .	Text   	 FLAT
ALT_MASK . . . . . . . . . . . .	Number	 00000003h   
CAPSLOCK_ON  . . . . . . . . . .	Number	 00000080h   
CREATE_ALWAYS  . . . . . . . . .	Number	 00000002h   
CREATE_NEW . . . . . . . . . . .	Number	 00000001h   
CTRL_MASK  . . . . . . . . . . .	Number	 0000000Ch   
CreateFile . . . . . . . . . . .	Text   	 CreateFileA
DO_NOT_SHARE . . . . . . . . . .	Number	 00000000h   
ENABLE_ECHO_INPUT  . . . . . . .	Number	 00000004h   
ENABLE_LINE_INPUT  . . . . . . .	Number	 00000002h   
ENABLE_MOUSE_INPUT . . . . . . .	Number	 00000010h   
ENABLE_PROCESSED_INPUT . . . . .	Number	 00000001h   
ENABLE_PROCESSED_OUTPUT  . . . .	Number	 00000001h   
ENABLE_WINDOW_INPUT  . . . . . .	Number	 00000008h   
ENABLE_WRAP_AT_EOL_OUTPUT  . . .	Number	 00000002h   
ENHANCED_KEY . . . . . . . . . .	Number	 00000100h   
FALSE  . . . . . . . . . . . . .	Number	 00000000h   
FILE_APPEND_DATA . . . . . . . .	Number	 00000004h   
FILE_ATTRIBUTE_ARCHIVE . . . . .	Number	 00000020h   
FILE_ATTRIBUTE_COMPRESSED  . . .	Number	 00000800h   
FILE_ATTRIBUTE_DEVICE  . . . . .	Number	 00000040h   
FILE_ATTRIBUTE_DIRECTORY . . . .	Number	 00000010h   
FILE_ATTRIBUTE_ENCRYPTED . . . .	Number	 00004000h   
FILE_ATTRIBUTE_HIDDEN  . . . . .	Number	 00000002h   
FILE_ATTRIBUTE_NORMAL  . . . . .	Number	 00000080h   
FILE_ATTRIBUTE_NOT_CONTENT_INDEXED .	Number	 00002000h   
FILE_ATTRIBUTE_OFFLINE . . . . .	Number	 00001000h   
FILE_ATTRIBUTE_READONLY  . . . .	Number	 00000001h   
FILE_ATTRIBUTE_REPARSE_POINT . .	Number	 00000400h   
FILE_ATTRIBUTE_SPARSE_FILE . . .	Number	 00000200h   
FILE_ATTRIBUTE_SYSTEM  . . . . .	Number	 00000004h   
FILE_ATTRIBUTE_TEMPORARY . . . .	Number	 00000100h   
FILE_BEGIN . . . . . . . . . . .	Number	 00000000h   
FILE_CURRENT . . . . . . . . . .	Number	 00000001h   
FILE_DELETE_CHILD  . . . . . . .	Number	 00000040h   
FILE_END . . . . . . . . . . . .	Number	 00000002h   
FILE_READ_DATA . . . . . . . . .	Number	 00000001h   
FILE_SHARE_DELETE  . . . . . . .	Number	 00000004h   
FILE_SHARE_READ  . . . . . . . .	Number	 00000001h   
FILE_SHARE_WRITE . . . . . . . .	Number	 00000002h   
FILE_WRITE_DATA  . . . . . . . .	Number	 00000002h   
FOCUS_EVENT  . . . . . . . . . .	Number	 00000010h   
FORMAT_MESSAGE_ALLOCATE_BUFFER .	Number	 00000100h   
FORMAT_MESSAGE_FROM_SYSTEM . . .	Number	 00001000h   
FormatMessage  . . . . . . . . .	Text   	 FormatMessageA
GENERIC_ALL  . . . . . . . . . .	Number	 10000000h   
GENERIC_EXECUTE  . . . . . . . .	Number	 20000000h   
GENERIC_READ . . . . . . . . . .	Number	 -80000000h   
GENERIC_WRITE  . . . . . . . . .	Number	 40000000h   
GetCommandLine . . . . . . . . .	Text   	 GetCommandLineA
HANDLE . . . . . . . . . . . . .	Text   	 DWORD
HEAP_GENERATE_EXCEPTIONS . . . .	Number	 00000004h   
HEAP_GROWABLE  . . . . . . . . .	Number	 00000002h   
HEAP_NO_SERIALIZE  . . . . . . .	Number	 00000001h   
HEAP_REALLOC_IN_PLACE_ONLY . . .	Number	 00000010h   
HEAP_ZERO_MEMORY . . . . . . . .	Number	 00000008h   
IDABORT  . . . . . . . . . . . .	Number	 00000003h   
IDCANCEL . . . . . . . . . . . .	Number	 00000002h   
IDCLOSE  . . . . . . . . . . . .	Number	 00000008h   
IDCONTINUE . . . . . . . . . . .	Number	 0000000Bh   
IDHELP . . . . . . . . . . . . .	Number	 00000009h   
IDIGNORE . . . . . . . . . . . .	Number	 00000005h   
IDNO . . . . . . . . . . . . . .	Number	 00000007h   
IDOK . . . . . . . . . . . . . .	Number	 00000001h   
IDRETRY  . . . . . . . . . . . .	Number	 00000004h   
IDTIMEOUT  . . . . . . . . . . .	Number	 00007D00h   
IDTRYAGAIN . . . . . . . . . . .	Number	 0000000Ah   
IDYES  . . . . . . . . . . . . .	Number	 00000006h   
INVALID_HANDLE_VALUE . . . . . .	Number	 -00000001h   
KBDOWN_FLAG  . . . . . . . . . .	Number	 00000001h   
KEY_EVENT  . . . . . . . . . . .	Number	 00000001h   
KEY_MASKS  . . . . . . . . . . .	Number	 0000001Fh   
LEFT_ALT_PRESSED . . . . . . . .	Number	 00000002h   
LEFT_CTRL_PRESSED  . . . . . . .	Number	 00000008h   
MB_ABORTRETRYIGNORE  . . . . . .	Number	 00000002h   
MB_APPLMODAL . . . . . . . . . .	Number	 00000000h   
MB_CANCELTRYCONTINUE . . . . . .	Number	 00000006h   
MB_DEFBUTTON1  . . . . . . . . .	Number	 00000000h   
MB_DEFBUTTON2  . . . . . . . . .	Number	 00000100h   
MB_DEFBUTTON3  . . . . . . . . .	Number	 00000200h   
MB_DEFBUTTON4  . . . . . . . . .	Number	 00000300h   
MB_HELP  . . . . . . . . . . . .	Number	 00004000h   
MB_ICONASTERISK  . . . . . . . .	Number	 00000040h   
MB_ICONERROR . . . . . . . . . .	Number	 00000010h   
MB_ICONEXCLAMATION . . . . . . .	Number	 00000030h   
MB_ICONHAND  . . . . . . . . . .	Number	 00000010h   
MB_ICONINFORMATION . . . . . . .	Number	 00000040h   
MB_ICONQUESTION  . . . . . . . .	Number	 00000020h   
MB_ICONSTOP  . . . . . . . . . .	Number	 00000010h   
MB_ICONWARNING . . . . . . . . .	Number	 00000030h   
MB_OKCANCEL  . . . . . . . . . .	Number	 00000001h   
MB_OK  . . . . . . . . . . . . .	Number	 00000000h   
MB_RETRYCANCEL . . . . . . . . .	Number	 00000005h   
MB_SYSTEMMODAL . . . . . . . . .	Number	 00001000h   
MB_TASKMODAL . . . . . . . . . .	Number	 00002000h   
MB_USERICON  . . . . . . . . . .	Number	 00000080h   
MB_YESNOCANCEL . . . . . . . . .	Number	 00000003h   
MB_YESNO . . . . . . . . . . . .	Number	 00000004h   
MENU_EVENT . . . . . . . . . . .	Number	 00000008h   
MOUSE_EVENT  . . . . . . . . . .	Number	 00000002h   
MessageBox . . . . . . . . . . .	Text   	 MessageBoxA
NULL . . . . . . . . . . . . . .	Number	 00000000h   
NUMLOCK_ON . . . . . . . . . . .	Number	 00000020h   
OPEN_ALWAYS  . . . . . . . . . .	Number	 00000004h   
OPEN_EXISTING  . . . . . . . . .	Number	 00000003h   
PeekConsoleInput . . . . . . . .	Text   	 PeekConsoleInputA
RIGHT_ALT_PRESSED  . . . . . . .	Number	 00000001h   
RIGHT_CTRL_PRESSED . . . . . . .	Number	 00000004h   
ReadConsoleInput . . . . . . . .	Text   	 ReadConsoleInputA
ReadConsole  . . . . . . . . . .	Text   	 ReadConsoleA
SCROLLLOCK_ON  . . . . . . . . .	Number	 00000040h   
SHIFT_MASK . . . . . . . . . . .	Number	 00000010h   
SHIFT_PRESSED  . . . . . . . . .	Number	 00000010h   
STD_ERROR_HANDLE . . . . . . . .	Number	 -0000000Ch   
STD_INPUT_HANDLE . . . . . . . .	Number	 -0000000Ah   
STD_OUTPUT_HANDLE  . . . . . . .	Number	 -0000000Bh   
SetConsoleTitle  . . . . . . . .	Text   	 SetConsoleTitleA
TAB  . . . . . . . . . . . . . .	Number	 00000009h   
TRUE . . . . . . . . . . . . . .	Number	 00000001h   
TRUNCATE_EXISTING  . . . . . . .	Number	 00000005h   
VK_11  . . . . . . . . . . . . .	Number	 000000BDh   
VK_12  . . . . . . . . . . . . .	Number	 000000BBh   
VK_ADD . . . . . . . . . . . . .	Number	 0000006Bh   
VK_BACK  . . . . . . . . . . . .	Number	 00000008h   
VK_CANCEL  . . . . . . . . . . .	Number	 00000003h   
VK_CAPITAL . . . . . . . . . . .	Number	 00000014h   
VK_CLEAR . . . . . . . . . . . .	Number	 0000000Ch   
VK_CONTROL . . . . . . . . . . .	Number	 00000011h   
VK_DECIMAL . . . . . . . . . . .	Number	 0000006Eh   
VK_DELETE  . . . . . . . . . . .	Number	 0000002Eh   
VK_DIVIDE  . . . . . . . . . . .	Number	 0000006Fh   
VK_DOWN  . . . . . . . . . . . .	Number	 00000028h   
VK_END . . . . . . . . . . . . .	Number	 00000023h   
VK_ESCAPE  . . . . . . . . . . .	Number	 0000001Bh   
VK_EXECUTE . . . . . . . . . . .	Number	 0000002Bh   
VK_F10 . . . . . . . . . . . . .	Number	 00000079h   
VK_F11 . . . . . . . . . . . . .	Number	 0000007Ah   
VK_F12 . . . . . . . . . . . . .	Number	 0000007Bh   
VK_F13 . . . . . . . . . . . . .	Number	 0000007Ch   
VK_F14 . . . . . . . . . . . . .	Number	 0000007Dh   
VK_F15 . . . . . . . . . . . . .	Number	 0000007Eh   
VK_F16 . . . . . . . . . . . . .	Number	 0000007Fh   
VK_F17 . . . . . . . . . . . . .	Number	 00000080h   
VK_F18 . . . . . . . . . . . . .	Number	 00000081h   
VK_F19 . . . . . . . . . . . . .	Number	 00000082h   
VK_F1  . . . . . . . . . . . . .	Number	 00000070h   
VK_F20 . . . . . . . . . . . . .	Number	 00000083h   
VK_F21 . . . . . . . . . . . . .	Number	 00000084h   
VK_F22 . . . . . . . . . . . . .	Number	 00000085h   
VK_F23 . . . . . . . . . . . . .	Number	 00000086h   
VK_F24 . . . . . . . . . . . . .	Number	 00000087h   
VK_F2  . . . . . . . . . . . . .	Number	 00000071h   
VK_F3  . . . . . . . . . . . . .	Number	 00000072h   
VK_F4  . . . . . . . . . . . . .	Number	 00000073h   
VK_F5  . . . . . . . . . . . . .	Number	 00000074h   
VK_F6  . . . . . . . . . . . . .	Number	 00000075h   
VK_F7  . . . . . . . . . . . . .	Number	 00000076h   
VK_F8  . . . . . . . . . . . . .	Number	 00000077h   
VK_F9  . . . . . . . . . . . . .	Number	 00000078h   
VK_HELP  . . . . . . . . . . . .	Number	 0000002Fh   
VK_HOME  . . . . . . . . . . . .	Number	 00000024h   
VK_INSERT  . . . . . . . . . . .	Number	 0000002Dh   
VK_LBUTTON . . . . . . . . . . .	Number	 00000001h   
VK_LCONTROL  . . . . . . . . . .	Number	 000000A2h   
VK_LEFT  . . . . . . . . . . . .	Number	 00000025h   
VK_LMENU . . . . . . . . . . . .	Number	 000000A4h   
VK_LSHIFT  . . . . . . . . . . .	Number	 000000A0h   
VK_MENU  . . . . . . . . . . . .	Number	 00000012h   
VK_MULTIPLY  . . . . . . . . . .	Number	 0000006Ah   
VK_NEXT  . . . . . . . . . . . .	Number	 00000022h   
VK_NUMLOCK . . . . . . . . . . .	Number	 00000090h   
VK_NUMPAD0 . . . . . . . . . . .	Number	 00000060h   
VK_NUMPAD1 . . . . . . . . . . .	Number	 00000061h   
VK_NUMPAD2 . . . . . . . . . . .	Number	 00000062h   
VK_NUMPAD3 . . . . . . . . . . .	Number	 00000063h   
VK_NUMPAD4 . . . . . . . . . . .	Number	 00000064h   
VK_NUMPAD5 . . . . . . . . . . .	Number	 00000065h   
VK_NUMPAD6 . . . . . . . . . . .	Number	 00000066h   
VK_NUMPAD7 . . . . . . . . . . .	Number	 00000067h   
VK_NUMPAD8 . . . . . . . . . . .	Number	 00000068h   
VK_NUMPAD9 . . . . . . . . . . .	Number	 00000069h   
VK_PAUSE . . . . . . . . . . . .	Number	 00000013h   
VK_PRINT . . . . . . . . . . . .	Number	 0000002Ah   
VK_PRIOR . . . . . . . . . . . .	Number	 00000021h   
VK_RBUTTON . . . . . . . . . . .	Number	 00000002h   
VK_RCONTROL  . . . . . . . . . .	Number	 000000A3h   
VK_RETURN  . . . . . . . . . . .	Number	 0000000Dh   
VK_RIGHT . . . . . . . . . . . .	Number	 00000027h   
VK_RMENU . . . . . . . . . . . .	Number	 000000A5h   
VK_RSHIFT  . . . . . . . . . . .	Number	 000000A1h   
VK_SCROLL  . . . . . . . . . . .	Number	 00000091h   
VK_SEPARATER . . . . . . . . . .	Number	 0000006Ch   
VK_SHIFT . . . . . . . . . . . .	Number	 00000010h   
VK_SNAPSHOT  . . . . . . . . . .	Number	 0000002Ch   
VK_SPACE . . . . . . . . . . . .	Number	 00000020h   
VK_SUBTRACT  . . . . . . . . . .	Number	 0000006Dh   
VK_TAB . . . . . . . . . . . . .	Number	 00000009h   
VK_UP  . . . . . . . . . . . . .	Number	 00000026h   
WINDOW_BUFFER_SIZE_EVENT . . . .	Number	 00000004h   
WriteConsoleOutputCharacter  . .	Text   	 WriteConsoleOutputCharacterA
WriteConsole . . . . . . . . . .	Text   	 WriteConsoleA
black  . . . . . . . . . . . . .	Number	 00000000h   
blue . . . . . . . . . . . . . .	Number	 00000001h   
brown  . . . . . . . . . . . . .	Number	 00000006h   
cyan . . . . . . . . . . . . . .	Number	 00000003h   
exit . . . . . . . . . . . . . .	Text   	 INVOKE ExitProcess,0
gray . . . . . . . . . . . . . .	Number	 00000008h   
green  . . . . . . . . . . . . .	Number	 00000002h   
lightBlue  . . . . . . . . . . .	Number	 00000009h   
lightCyan  . . . . . . . . . . .	Number	 0000000Bh   
lightGray  . . . . . . . . . . .	Number	 00000007h   
lightGreen . . . . . . . . . . .	Number	 0000000Ah   
lightMagenta . . . . . . . . . .	Number	 0000000Dh   
lightRed . . . . . . . . . . . .	Number	 0000000Ch   
magenta  . . . . . . . . . . . .	Number	 00000005h   
opcion . . . . . . . . . . . . .	DWord	 00000000 _DATA	
operacion  . . . . . . . . . . .	Byte	 00000004 _DATA	
programa01 . . . . . . . . . . .	Byte	 00000009 _DATA	
programa02 . . . . . . . . . . .	Byte	 00000011 _DATA	
programa03 . . . . . . . . . . .	Byte	 00000016 _DATA	
programa04 . . . . . . . . . . .	Byte	 0000001F _DATA	
programa05 . . . . . . . . . . .	Byte	 00000038 _DATA	
red  . . . . . . . . . . . . . .	Number	 00000004h   
white  . . . . . . . . . . . . .	Number	 0000000Fh   
wsprintf . . . . . . . . . . . .	Text   	 wsprintfA
yellow . . . . . . . . . . . . .	Number	 0000000Eh   

	   0 Warnings
	   0 Errors
